<?xml version="1.0" encoding="UTF-8"?>
<coverage generated="1606868421432" clover="3.2.0">
  <project timestamp="1606868421432" name="All files">
    <metrics statements="58" coveredstatements="46" conditionals="18" coveredconditionals="17" methods="30" coveredmethods="25" elements="106" coveredelements="88" complexity="0" loc="58" ncloc="58" packages="2" files="9" classes="9"/>
    <package name="src">
      <metrics statements="10" coveredstatements="6" conditionals="0" coveredconditionals="0" methods="3" coveredmethods="3"/>
      <file name="App.js" path="/Users/imac20/Desktop/WebMotorsFrontEnd/webmotorsfront/src/App.js">
        <metrics statements="6" coveredstatements="5" conditionals="0" coveredconditionals="0" methods="3" coveredmethods="3"/>
        <line num="7" count="1" type="stmt"/>
        <line num="8" count="1" type="stmt"/>
        <line num="10" count="1" type="stmt"/>
        <line num="11" count="0" type="stmt"/>
        <line num="13" count="1" type="stmt"/>
        <line num="16" count="1" type="stmt"/>
      </file>
      <file name="index.js" path="/Users/imac20/Desktop/WebMotorsFrontEnd/webmotorsfront/src/index.js">
        <metrics statements="3" coveredstatements="0" conditionals="0" coveredconditionals="0" methods="0" coveredmethods="0"/>
        <line num="8" count="0" type="stmt"/>
        <line num="19" count="0" type="stmt"/>
        <line num="43" count="0" type="stmt"/>
      </file>
      <file name="styles.js" path="/Users/imac20/Desktop/WebMotorsFrontEnd/webmotorsfront/src/styles.js">
        <metrics statements="1" coveredstatements="1" conditionals="0" coveredconditionals="0" methods="0" coveredmethods="0"/>
        <line num="3" count="1" type="stmt"/>
      </file>
    </package>
    <package name="src.Components.SearchBar">
      <metrics statements="48" coveredstatements="40" conditionals="18" coveredconditionals="17" methods="27" coveredmethods="22"/>
      <file name="DynamicLabels.js" path="/Users/imac20/Desktop/WebMotorsFrontEnd/webmotorsfront/src/Components/SearchBar/DynamicLabels.js">
        <metrics statements="9" coveredstatements="9" conditionals="2" coveredconditionals="2" methods="6" coveredmethods="6"/>
        <line num="4" count="2" type="stmt"/>
        <line num="10" count="3" type="stmt"/>
        <line num="20" count="2" type="stmt"/>
        <line num="26" count="3" type="stmt"/>
        <line num="36" count="3" type="stmt"/>
        <line num="37" count="3" type="cond" truecount="2" falsecount="0"/>
        <line num="38" count="2" type="stmt"/>
        <line num="40" count="3" type="stmt"/>
        <line num="46" count="3" type="stmt"/>
      </file>
      <file name="Header.js" path="/Users/imac20/Desktop/WebMotorsFrontEnd/webmotorsfront/src/Components/SearchBar/Header.js">
        <metrics statements="5" coveredstatements="5" conditionals="4" coveredconditionals="4" methods="4" coveredmethods="4"/>
        <line num="9" count="6" type="stmt"/>
        <line num="11" count="2" type="stmt"/>
        <line num="13" count="6" type="stmt"/>
        <line num="17" count="1" type="stmt"/>
        <line num="30" count="1" type="stmt"/>
      </file>
      <file name="ProductItem.js" path="/Users/imac20/Desktop/WebMotorsFrontEnd/webmotorsfront/src/Components/SearchBar/ProductItem.js">
        <metrics statements="1" coveredstatements="0" conditionals="0" coveredconditionals="0" methods="1" coveredmethods="0"/>
        <line num="8" count="0" type="stmt"/>
      </file>
      <file name="StaticLabels.js" path="/Users/imac20/Desktop/WebMotorsFrontEnd/webmotorsfront/src/Components/SearchBar/StaticLabels.js">
        <metrics statements="5" coveredstatements="5" conditionals="0" coveredconditionals="0" methods="5" coveredmethods="5"/>
        <line num="8" count="1" type="stmt"/>
        <line num="23" count="1" type="stmt"/>
        <line num="38" count="1" type="stmt"/>
        <line num="53" count="1" type="stmt"/>
        <line num="68" count="1" type="stmt"/>
      </file>
      <file name="index.js" path="/Users/imac20/Desktop/WebMotorsFrontEnd/webmotorsfront/src/Components/SearchBar/index.js">
        <metrics statements="11" coveredstatements="4" conditionals="0" coveredconditionals="0" methods="5" coveredmethods="1"/>
        <line num="24" count="1" type="stmt"/>
        <line num="25" count="1" type="stmt"/>
        <line num="26" count="1" type="stmt"/>
        <line num="29" count="0" type="stmt"/>
        <line num="32" count="0" type="stmt"/>
        <line num="35" count="0" type="stmt"/>
        <line num="38" count="0" type="stmt"/>
        <line num="41" count="0" type="stmt"/>
        <line num="44" count="0" type="stmt"/>
        <line num="47" count="1" type="stmt"/>
        <line num="88" count="0" type="stmt"/>
      </file>
      <file name="styles.js" path="/Users/imac20/Desktop/WebMotorsFrontEnd/webmotorsfront/src/Components/SearchBar/styles.js">
        <metrics statements="17" coveredstatements="17" conditionals="12" coveredconditionals="11" methods="6" coveredmethods="6"/>
        <line num="4" count="2" type="stmt"/>
        <line num="12" count="2" type="stmt"/>
        <line num="48" count="2" type="stmt"/>
        <line num="67" count="2" type="stmt"/>
        <line num="79" count="2" type="stmt"/>
        <line num="94" count="2" type="stmt"/>
        <line num="105" count="2" type="stmt"/>
        <line num="108" count="18" type="cond" truecount="2" falsecount="0"/>
        <line num="110" count="18" type="cond" truecount="1" falsecount="1"/>
        <line num="113" count="18" type="cond" truecount="2" falsecount="0"/>
        <line num="115" count="18" type="cond" truecount="2" falsecount="0"/>
        <line num="119" count="2" type="stmt"/>
        <line num="129" count="2" type="stmt"/>
        <line num="139" count="2" type="stmt"/>
        <line num="154" count="12" type="cond" truecount="2" falsecount="0"/>
        <line num="162" count="12" type="cond" truecount="2" falsecount="0"/>
        <line num="166" count="2" type="stmt"/>
      </file>
    </package>
  </project>
</coverage>
