{"/Users/imac20/Desktop/WebMotorsFrontEnd/src/App.js": {"path":"/Users/imac20/Desktop/WebMotorsFrontEnd/src/App.js","statementMap":{"0":{"start":{"line":7,"column":28},"end":{"line":7,"column":40}},"1":{"start":{"line":8,"column":2},"end":{"line":14,"column":14}},"2":{"start":{"line":10,"column":23},"end":{"line":10,"column":104}},"3":{"start":{"line":11,"column":6},"end":{"line":11,"column":30}},"4":{"start":{"line":13,"column":4},"end":{"line":13,"column":15}},"5":{"start":{"line":16,"column":2},"end":{"line":20,"column":4}}},"fnMap":{"0":{"name":"App","decl":{"start":{"line":6,"column":9},"end":{"line":6,"column":12}},"loc":{"start":{"line":6,"column":15},"end":{"line":21,"column":1}},"line":6},"1":{"name":"(anonymous_1)","decl":{"start":{"line":8,"column":12},"end":{"line":8,"column":13}},"loc":{"start":{"line":8,"column":18},"end":{"line":14,"column":3}},"line":8},"2":{"name":"loadData","decl":{"start":{"line":9,"column":19},"end":{"line":9,"column":27}},"loc":{"start":{"line":9,"column":30},"end":{"line":12,"column":5}},"line":9}},"branchMap":{},"s":{"0":1,"1":1,"2":1,"3":0,"4":1,"5":1},"f":{"0":1,"1":1,"2":1},"b":{},"_coverageSchema":"1a1c01bbd47fc00a2c39e90264f33305004495a9","hash":"3eac0356300b511b697d6994247d836e5a387d13"}
,"/Users/imac20/Desktop/WebMotorsFrontEnd/src/index.js": {"path":"/Users/imac20/Desktop/WebMotorsFrontEnd/src/index.js","statementMap":{"0":{"start":{"line":8,"column":0},"end":{"line":17,"column":3}},"1":{"start":{"line":19,"column":28},"end":{"line":41,"column":1}},"2":{"start":{"line":43,"column":0},"end":{"line":49,"column":2}}},"fnMap":{},"branchMap":{},"s":{"0":0,"1":0,"2":0},"f":{},"b":{}}
,"/Users/imac20/Desktop/WebMotorsFrontEnd/src/styles.js": {"path":"/Users/imac20/Desktop/WebMotorsFrontEnd/src/styles.js","statementMap":{"0":{"start":{"line":3,"column":25},"end":{"line":16,"column":1}}},"fnMap":{},"branchMap":{},"s":{"0":1},"f":{},"b":{},"_coverageSchema":"1a1c01bbd47fc00a2c39e90264f33305004495a9","hash":"6f5f3a37e44547ef25dfc37988adf9d3c00da3b4"}
,"/Users/imac20/Desktop/WebMotorsFrontEnd/src/test-ui.js": {"path":"/Users/imac20/Desktop/WebMotorsFrontEnd/src/test-ui.js","statementMap":{"0":{"start":{"line":1,"column":18},"end":{"line":1,"column":38}},"1":{"start":{"line":3,"column":0},"end":{"line":10,"column":5}},"2":{"start":{"line":4,"column":18},"end":{"line":4,"column":61}},"3":{"start":{"line":5,"column":15},"end":{"line":5,"column":38}},"4":{"start":{"line":6,"column":2},"end":{"line":6,"column":40}},"5":{"start":{"line":7,"column":2},"end":{"line":7,"column":47}},"6":{"start":{"line":9,"column":2},"end":{"line":9,"column":24}}},"fnMap":{"0":{"name":"(anonymous_0)","decl":{"start":{"line":3,"column":1},"end":{"line":3,"column":2}},"loc":{"start":{"line":3,"column":13},"end":{"line":10,"column":1}},"line":3}},"branchMap":{},"s":{"0":0,"1":0,"2":0,"3":0,"4":0,"5":0,"6":0},"f":{"0":0},"b":{}}
,"/Users/imac20/Desktop/WebMotorsFrontEnd/src/Components/SearchBar/DynamicLabels.js": {"path":"/Users/imac20/Desktop/WebMotorsFrontEnd/src/Components/SearchBar/DynamicLabels.js","statementMap":{"0":{"start":{"line":4,"column":2},"end":{"line":16,"column":4}},"1":{"start":{"line":10,"column":10},"end":{"line":12,"column":19}},"2":{"start":{"line":20,"column":2},"end":{"line":32,"column":4}},"3":{"start":{"line":26,"column":10},"end":{"line":28,"column":19}},"4":{"start":{"line":36,"column":12},"end":{"line":36,"column":14}},"5":{"start":{"line":37,"column":2},"end":{"line":39,"column":3}},"6":{"start":{"line":38,"column":4},"end":{"line":38,"column":19}},"7":{"start":{"line":40,"column":2},"end":{"line":52,"column":4}},"8":{"start":{"line":46,"column":10},"end":{"line":48,"column":19}}},"fnMap":{"0":{"name":"LabelMarca","decl":{"start":{"line":3,"column":16},"end":{"line":3,"column":26}},"loc":{"start":{"line":3,"column":55},"end":{"line":17,"column":1}},"line":3},"1":{"name":"(anonymous_1)","decl":{"start":{"line":9,"column":19},"end":{"line":9,"column":20}},"loc":{"start":{"line":10,"column":10},"end":{"line":12,"column":19}},"line":10},"2":{"name":"LabelModel","decl":{"start":{"line":19,"column":16},"end":{"line":19,"column":26}},"loc":{"start":{"line":19,"column":58},"end":{"line":33,"column":1}},"line":19},"3":{"name":"(anonymous_3)","decl":{"start":{"line":25,"column":20},"end":{"line":25,"column":21}},"loc":{"start":{"line":26,"column":10},"end":{"line":28,"column":19}},"line":26},"4":{"name":"LabelVersion","decl":{"start":{"line":35,"column":16},"end":{"line":35,"column":28}},"loc":{"start":{"line":35,"column":47},"end":{"line":53,"column":1}},"line":35},"5":{"name":"(anonymous_5)","decl":{"start":{"line":45,"column":17},"end":{"line":45,"column":18}},"loc":{"start":{"line":46,"column":10},"end":{"line":48,"column":19}},"line":46}},"branchMap":{"0":{"loc":{"start":{"line":37,"column":2},"end":{"line":39,"column":3}},"type":"if","locations":[{"start":{"line":37,"column":2},"end":{"line":39,"column":3}},{"start":{"line":37,"column":2},"end":{"line":39,"column":3}}],"line":37}},"s":{"0":2,"1":3,"2":2,"3":3,"4":3,"5":3,"6":2,"7":3,"8":3},"f":{"0":2,"1":3,"2":2,"3":3,"4":3,"5":3},"b":{"0":[2,1]},"_coverageSchema":"1a1c01bbd47fc00a2c39e90264f33305004495a9","hash":"9675713fd89b541e44436016b00c746f4102cdab"}
,"/Users/imac20/Desktop/WebMotorsFrontEnd/src/Components/SearchBar/Header.js": {"path":"/Users/imac20/Desktop/WebMotorsFrontEnd/src/Components/SearchBar/Header.js","statementMap":{"0":{"start":{"line":9,"column":38},"end":{"line":9,"column":54}},"1":{"start":{"line":11,"column":4},"end":{"line":11,"column":24}},"2":{"start":{"line":13,"column":2},"end":{"line":45,"column":4}},"3":{"start":{"line":17,"column":25},"end":{"line":17,"column":49}},"4":{"start":{"line":30,"column":25},"end":{"line":30,"column":49}}},"fnMap":{"0":{"name":"Header","decl":{"start":{"line":8,"column":24},"end":{"line":8,"column":30}},"loc":{"start":{"line":8,"column":33},"end":{"line":46,"column":1}},"line":8},"1":{"name":"handleActiveAuto","decl":{"start":{"line":10,"column":11},"end":{"line":10,"column":27}},"loc":{"start":{"line":10,"column":34},"end":{"line":12,"column":3}},"line":10},"2":{"name":"(anonymous_2)","decl":{"start":{"line":17,"column":19},"end":{"line":17,"column":20}},"loc":{"start":{"line":17,"column":25},"end":{"line":17,"column":49}},"line":17},"3":{"name":"(anonymous_3)","decl":{"start":{"line":30,"column":19},"end":{"line":30,"column":20}},"loc":{"start":{"line":30,"column":25},"end":{"line":30,"column":49}},"line":30}},"branchMap":{"0":{"loc":{"start":{"line":18,"column":18},"end":{"line":18,"column":47}},"type":"binary-expr","locations":[{"start":{"line":18,"column":18},"end":{"line":18,"column":39}},{"start":{"line":18,"column":43},"end":{"line":18,"column":47}}],"line":18},"1":{"loc":{"start":{"line":31,"column":18},"end":{"line":31,"column":47}},"type":"binary-expr","locations":[{"start":{"line":31,"column":18},"end":{"line":31,"column":39}},{"start":{"line":31,"column":43},"end":{"line":31,"column":47}}],"line":31}},"s":{"0":6,"1":2,"2":6,"3":1,"4":1},"f":{"0":6,"1":2,"2":1,"3":1},"b":{"0":[6,5],"1":[6,1]},"_coverageSchema":"1a1c01bbd47fc00a2c39e90264f33305004495a9","hash":"a1b1229b641f1d44c241b0b4b90dca48ed985594"}
,"/Users/imac20/Desktop/WebMotorsFrontEnd/src/Components/SearchBar/ProductItem.js": {"path":"/Users/imac20/Desktop/WebMotorsFrontEnd/src/Components/SearchBar/ProductItem.js","statementMap":{"0":{"start":{"line":8,"column":2},"end":{"line":42,"column":4}}},"fnMap":{"0":{"name":"ProductItem","decl":{"start":{"line":7,"column":24},"end":{"line":7,"column":35}},"loc":{"start":{"line":7,"column":53},"end":{"line":43,"column":1}},"line":7}},"branchMap":{},"s":{"0":0},"f":{"0":0},"b":{},"_coverageSchema":"1a1c01bbd47fc00a2c39e90264f33305004495a9","hash":"79e7902d9ffb2fc99c3641409aed1a74bbede8f6"}
,"/Users/imac20/Desktop/WebMotorsFrontEnd/src/Components/SearchBar/StaticLabels.js": {"path":"/Users/imac20/Desktop/WebMotorsFrontEnd/src/Components/SearchBar/StaticLabels.js","statementMap":{"0":{"start":{"line":8,"column":2},"end":{"line":19,"column":4}},"1":{"start":{"line":23,"column":2},"end":{"line":35,"column":4}},"2":{"start":{"line":38,"column":2},"end":{"line":49,"column":4}},"3":{"start":{"line":53,"column":2},"end":{"line":65,"column":4}},"4":{"start":{"line":68,"column":2},"end":{"line":96,"column":4}}},"fnMap":{"0":{"name":"LabelRaio","decl":{"start":{"line":7,"column":16},"end":{"line":7,"column":25}},"loc":{"start":{"line":7,"column":28},"end":{"line":20,"column":1}},"line":7},"1":{"name":"LabelYear","decl":{"start":{"line":22,"column":16},"end":{"line":22,"column":25}},"loc":{"start":{"line":22,"column":28},"end":{"line":36,"column":1}},"line":22},"2":{"name":"LabelFaixa","decl":{"start":{"line":37,"column":16},"end":{"line":37,"column":26}},"loc":{"start":{"line":37,"column":29},"end":{"line":50,"column":1}},"line":37},"3":{"name":"LabelState","decl":{"start":{"line":52,"column":16},"end":{"line":52,"column":26}},"loc":{"start":{"line":52,"column":29},"end":{"line":66,"column":1}},"line":52},"4":{"name":"LabelsCheckbox","decl":{"start":{"line":67,"column":16},"end":{"line":67,"column":30}},"loc":{"start":{"line":67,"column":33},"end":{"line":97,"column":1}},"line":67}},"branchMap":{},"s":{"0":1,"1":1,"2":1,"3":1,"4":1},"f":{"0":1,"1":1,"2":1,"3":1,"4":1},"b":{},"_coverageSchema":"1a1c01bbd47fc00a2c39e90264f33305004495a9","hash":"344369843c7b84de6f31431f333eaf72fe54ae92"}
,"/Users/imac20/Desktop/WebMotorsFrontEnd/src/Components/SearchBar/index.js": {"path":"/Users/imac20/Desktop/WebMotorsFrontEnd/src/Components/SearchBar/index.js","statementMap":{"0":{"start":{"line":24,"column":34},"end":{"line":24,"column":46}},"1":{"start":{"line":25,"column":34},"end":{"line":25,"column":46}},"2":{"start":{"line":26,"column":30},"end":{"line":26,"column":42}},"3":{"start":{"line":29,"column":18},"end":{"line":31,"column":5}},"4":{"start":{"line":32,"column":4},"end":{"line":32,"column":26}},"5":{"start":{"line":35,"column":20},"end":{"line":37,"column":5}},"6":{"start":{"line":38,"column":4},"end":{"line":38,"column":30}},"7":{"start":{"line":41,"column":18},"end":{"line":43,"column":5}},"8":{"start":{"line":44,"column":4},"end":{"line":44,"column":28}},"9":{"start":{"line":47,"column":2},"end":{"line":92,"column":4}},"10":{"start":{"line":88,"column":10},"end":{"line":88,"column":60}}},"fnMap":{"0":{"name":"Components","decl":{"start":{"line":23,"column":9},"end":{"line":23,"column":19}},"loc":{"start":{"line":23,"column":31},"end":{"line":93,"column":1}},"line":23},"1":{"name":"searchModel","decl":{"start":{"line":28,"column":17},"end":{"line":28,"column":28}},"loc":{"start":{"line":28,"column":32},"end":{"line":33,"column":3}},"line":28},"2":{"name":"searchVersion","decl":{"start":{"line":34,"column":17},"end":{"line":34,"column":30}},"loc":{"start":{"line":34,"column":34},"end":{"line":39,"column":3}},"line":34},"3":{"name":"showAutos","decl":{"start":{"line":40,"column":17},"end":{"line":40,"column":26}},"loc":{"start":{"line":40,"column":29},"end":{"line":45,"column":3}},"line":40},"4":{"name":"(anonymous_4)","decl":{"start":{"line":87,"column":22},"end":{"line":87,"column":23}},"loc":{"start":{"line":88,"column":10},"end":{"line":88,"column":60}},"line":88}},"branchMap":{},"s":{"0":1,"1":1,"2":1,"3":0,"4":0,"5":0,"6":0,"7":0,"8":0,"9":1,"10":0},"f":{"0":1,"1":0,"2":0,"3":0,"4":0},"b":{},"_coverageSchema":"1a1c01bbd47fc00a2c39e90264f33305004495a9","hash":"f757f8a9f5dba86d1e1753c1cb5c97c3263a7a8e"}
,"/Users/imac20/Desktop/WebMotorsFrontEnd/src/Components/SearchBar/styles.js": {"path":"/Users/imac20/Desktop/WebMotorsFrontEnd/src/Components/SearchBar/styles.js","statementMap":{"0":{"start":{"line":4,"column":23},"end":{"line":10,"column":1}},"1":{"start":{"line":12,"column":33},"end":{"line":46,"column":1}},"2":{"start":{"line":48,"column":25},"end":{"line":66,"column":1}},"3":{"start":{"line":67,"column":30},"end":{"line":77,"column":1}},"4":{"start":{"line":79,"column":26},"end":{"line":93,"column":1}},"5":{"start":{"line":94,"column":29},"end":{"line":103,"column":1}},"6":{"start":{"line":105,"column":19},"end":{"line":117,"column":1}},"7":{"start":{"line":108,"column":33},"end":{"line":108,"column":84}},"8":{"start":{"line":110,"column":32},"end":{"line":110,"column":63}},"9":{"start":{"line":113,"column":34},"end":{"line":113,"column":62}},"10":{"start":{"line":115,"column":31},"end":{"line":115,"column":69}},"11":{"start":{"line":119,"column":27},"end":{"line":127,"column":1}},"12":{"start":{"line":129,"column":30},"end":{"line":137,"column":1}},"13":{"start":{"line":139,"column":22},"end":{"line":165,"column":1}},"14":{"start":{"line":154,"column":31},"end":{"line":154,"column":87}},"15":{"start":{"line":162,"column":27},"end":{"line":162,"column":60}},"16":{"start":{"line":166,"column":29},"end":{"line":208,"column":1}}},"fnMap":{"0":{"name":"(anonymous_0)","decl":{"start":{"line":108,"column":21},"end":{"line":108,"column":22}},"loc":{"start":{"line":108,"column":33},"end":{"line":108,"column":84}},"line":108},"1":{"name":"(anonymous_1)","decl":{"start":{"line":110,"column":20},"end":{"line":110,"column":21}},"loc":{"start":{"line":110,"column":32},"end":{"line":110,"column":63}},"line":110},"2":{"name":"(anonymous_2)","decl":{"start":{"line":113,"column":22},"end":{"line":113,"column":23}},"loc":{"start":{"line":113,"column":34},"end":{"line":113,"column":62}},"line":113},"3":{"name":"(anonymous_3)","decl":{"start":{"line":115,"column":19},"end":{"line":115,"column":20}},"loc":{"start":{"line":115,"column":31},"end":{"line":115,"column":69}},"line":115},"4":{"name":"(anonymous_4)","decl":{"start":{"line":154,"column":19},"end":{"line":154,"column":20}},"loc":{"start":{"line":154,"column":31},"end":{"line":154,"column":87}},"line":154},"5":{"name":"(anonymous_5)","decl":{"start":{"line":162,"column":15},"end":{"line":162,"column":16}},"loc":{"start":{"line":162,"column":27},"end":{"line":162,"column":60}},"line":162}},"branchMap":{"0":{"loc":{"start":{"line":108,"column":33},"end":{"line":108,"column":84}},"type":"cond-expr","locations":[{"start":{"line":108,"column":54},"end":{"line":108,"column":69}},{"start":{"line":108,"column":72},"end":{"line":108,"column":84}}],"line":108},"1":{"loc":{"start":{"line":110,"column":32},"end":{"line":110,"column":63}},"type":"cond-expr","locations":[{"start":{"line":110,"column":52},"end":{"line":110,"column":58}},{"start":{"line":110,"column":61},"end":{"line":110,"column":63}}],"line":110},"2":{"loc":{"start":{"line":113,"column":34},"end":{"line":113,"column":62}},"type":"cond-expr","locations":[{"start":{"line":113,"column":46},"end":{"line":113,"column":51}},{"start":{"line":113,"column":54},"end":{"line":113,"column":62}}],"line":113},"3":{"loc":{"start":{"line":115,"column":31},"end":{"line":115,"column":69}},"type":"cond-expr","locations":[{"start":{"line":115,"column":46},"end":{"line":115,"column":54}},{"start":{"line":115,"column":57},"end":{"line":115,"column":69}}],"line":115},"4":{"loc":{"start":{"line":154,"column":31},"end":{"line":154,"column":87}},"type":"cond-expr","locations":[{"start":{"line":154,"column":46},"end":{"line":154,"column":65}},{"start":{"line":154,"column":68},"end":{"line":154,"column":87}}],"line":154},"5":{"loc":{"start":{"line":162,"column":27},"end":{"line":162,"column":60}},"type":"cond-expr","locations":[{"start":{"line":162,"column":42},"end":{"line":162,"column":51}},{"start":{"line":162,"column":54},"end":{"line":162,"column":60}}],"line":162}},"s":{"0":2,"1":2,"2":2,"3":2,"4":2,"5":2,"6":2,"7":18,"8":18,"9":18,"10":18,"11":2,"12":2,"13":2,"14":12,"15":12,"16":2},"f":{"0":18,"1":18,"2":18,"3":18,"4":12,"5":12},"b":{"0":[7,11],"1":[0,18],"2":[7,11],"3":[6,12],"4":[6,6],"5":[6,6]},"_coverageSchema":"1a1c01bbd47fc00a2c39e90264f33305004495a9","hash":"c94c819100de92abbbc81eebca901efc032a4ce8"}
}
