TN:
SF:src/App.js
FN:6,App
FN:8,(anonymous_1)
FN:9,loadData
FNF:3
FNH:3
FNDA:1,App
FNDA:1,(anonymous_1)
FNDA:1,loadData
DA:7,1
DA:8,1
DA:10,1
DA:11,0
DA:13,1
DA:16,1
LF:6
LH:5
BRF:0
BRH:0
end_of_record
TN:
SF:src/index.js
FNF:0
FNH:0
DA:8,0
DA:19,0
DA:43,0
LF:3
LH:0
BRF:0
BRH:0
end_of_record
TN:
SF:src/styles.js
FNF:0
FNH:0
DA:3,1
LF:1
LH:1
BRF:0
BRH:0
end_of_record
TN:
SF:src/Components/SearchBar/DynamicLabels.js
FN:3,LabelMarca
FN:9,(anonymous_1)
FN:19,LabelModel
FN:25,(anonymous_3)
FN:35,LabelVersion
FN:45,(anonymous_5)
FNF:6
FNH:6
FNDA:2,LabelMarca
FNDA:3,(anonymous_1)
FNDA:2,LabelModel
FNDA:3,(anonymous_3)
FNDA:3,LabelVersion
FNDA:3,(anonymous_5)
DA:4,2
DA:10,3
DA:20,2
DA:26,3
DA:36,3
DA:37,3
DA:38,2
DA:40,3
DA:46,3
LF:9
LH:9
BRDA:37,0,0,2
BRDA:37,0,1,1
BRF:2
BRH:2
end_of_record
TN:
SF:src/Components/SearchBar/Header.js
FN:8,Header
FN:10,handleActiveAuto
FN:17,(anonymous_2)
FN:30,(anonymous_3)
FNF:4
FNH:4
FNDA:6,Header
FNDA:2,handleActiveAuto
FNDA:1,(anonymous_2)
FNDA:1,(anonymous_3)
DA:9,6
DA:11,2
DA:13,6
DA:17,1
DA:30,1
LF:5
LH:5
BRDA:18,0,0,6
BRDA:18,0,1,5
BRDA:31,1,0,6
BRDA:31,1,1,1
BRF:4
BRH:4
end_of_record
TN:
SF:src/Components/SearchBar/ProductItem.js
FN:7,ProductItem
FNF:1
FNH:0
FNDA:0,ProductItem
DA:8,0
LF:1
LH:0
BRF:0
BRH:0
end_of_record
TN:
SF:src/Components/SearchBar/StaticLabels.js
FN:7,LabelRaio
FN:22,LabelYear
FN:37,LabelFaixa
FN:52,LabelState
FN:67,LabelsCheckbox
FNF:5
FNH:5
FNDA:1,LabelRaio
FNDA:1,LabelYear
FNDA:1,LabelFaixa
FNDA:1,LabelState
FNDA:1,LabelsCheckbox
DA:8,1
DA:23,1
DA:38,1
DA:53,1
DA:68,1
LF:5
LH:5
BRF:0
BRH:0
end_of_record
TN:
SF:src/Components/SearchBar/index.js
FN:23,Components
FN:28,searchModel
FN:34,searchVersion
FN:40,showAutos
FN:87,(anonymous_4)
FNF:5
FNH:1
FNDA:1,Components
FNDA:0,searchModel
FNDA:0,searchVersion
FNDA:0,showAutos
FNDA:0,(anonymous_4)
DA:24,1
DA:25,1
DA:26,1
DA:29,0
DA:32,0
DA:35,0
DA:38,0
DA:41,0
DA:44,0
DA:47,1
DA:88,0
LF:11
LH:4
BRF:0
BRH:0
end_of_record
TN:
SF:src/Components/SearchBar/styles.js
FN:108,(anonymous_0)
FN:110,(anonymous_1)
FN:113,(anonymous_2)
FN:115,(anonymous_3)
FN:154,(anonymous_4)
FN:162,(anonymous_5)
FNF:6
FNH:6
FNDA:18,(anonymous_0)
FNDA:18,(anonymous_1)
FNDA:18,(anonymous_2)
FNDA:18,(anonymous_3)
FNDA:12,(anonymous_4)
FNDA:12,(anonymous_5)
DA:4,2
DA:12,2
DA:48,2
DA:67,2
DA:79,2
DA:94,2
DA:105,2
DA:108,18
DA:110,18
DA:113,18
DA:115,18
DA:119,2
DA:129,2
DA:139,2
DA:154,12
DA:162,12
DA:166,2
LF:17
LH:17
BRDA:108,0,0,7
BRDA:108,0,1,11
BRDA:110,1,0,0
BRDA:110,1,1,18
BRDA:113,2,0,7
BRDA:113,2,1,11
BRDA:115,3,0,6
BRDA:115,3,1,12
BRDA:154,4,0,6
BRDA:154,4,1,6
BRDA:162,5,0,6
BRDA:162,5,1,6
BRF:12
BRH:11
end_of_record
